FAILED ASSERTION: expected=1 acutal=0
Test for salvager Failed.
FAILED ASSERTION: expected=4 acutal=0
Test for gardens Failed.
TEST SUCCESSFULLY COMPLETED.
